[debug] [2022-06-01T17:25:08.994Z] ----------------------------------------------------------------------
[debug] [2022-06-01T17:25:08.998Z] Command:       C:\Program Files\nodejs\node.exe C:\Users\SABBIR AHMAD\AppData\Roaming\npm\node_modules\firebase-tools\lib\bin\firebase.js init
[debug] [2022-06-01T17:25:08.999Z] CLI Version:   10.7.0
[debug] [2022-06-01T17:25:09.000Z] Platform:      win32
[debug] [2022-06-01T17:25:09.000Z] Node Version:  v16.13.1
[debug] [2022-06-01T17:25:09.001Z] Time:          Wed Jun 01 2022 23:25:09 GMT+0600 (Bangladesh Standard Time)
[debug] [2022-06-01T17:25:09.002Z] ----------------------------------------------------------------------
[debug] 
[debug] [2022-06-01T17:25:09.119Z] > command requires scopes: ["email","openid","https://www.googleapis.com/auth/cloudplatformprojects.readonly","https://www.googleapis.com/auth/firebase","https://www.googleapis.com/auth/cloud-platform"]
[debug] [2022-06-01T17:25:09.119Z] > authorizing via signed-in user (shahadat2772@gmail.com)
[info] 
     ######## #### ########  ######## ########     ###     ######  ########
     ##        ##  ##     ## ##       ##     ##  ##   ##  ##       ##
     ######    ##  ########  ######   ########  #########  ######  ######
     ##        ##  ##    ##  ##       ##     ## ##     ##       ## ##
     ##       #### ##     ## ######## ########  ##     ##  ######  ########

You're about to initialize a Firebase project in this directory:

  C:\projects\assignments\tooldo-a12\tooldo-client

Before we get started, keep in mind:

  * You are currently outside your home directory
  * You are initializing within an existing Firebase project directory

